<?xml version="1.0" encoding="UTF-8"?>
<testsuite name="edu.touro.mco152.bm.Tests" tests="1" skipped="0" failures="0" errors="0" timestamp="2021-11-17T20:44:13" hostname="DESKTOP-FVVM85C" time="0.022">
  <properties/>
  <testcase name="displayString()" classname="edu.touro.mco152.bm.Tests" time="0.022"/>
  <system-out><![CDATA[]]></system-out>
  <system-err><![CDATA[]]></system-err>
</testsuite>
